{"C:\\Users\\C01D_\\OneDrive\\Desktop\\Spring Docs\\Project Workspace\\sortingExercises\\selection.js": {"path":"C:\\Users\\C01D_\\OneDrive\\Desktop\\Spring Docs\\Project Workspace\\sortingExercises\\selection.js","statementMap":{"0":{"start":{"line":3,"column":4},"end":{"line":3,"column":36}},"1":{"start":{"line":3,"column":25},"end":{"line":3,"column":36}},"2":{"start":{"line":5,"column":16},"end":{"line":5,"column":17}},"3":{"start":{"line":6,"column":4},"end":{"line":21,"column":5}},"4":{"start":{"line":7,"column":27},"end":{"line":7,"column":32}},"5":{"start":{"line":8,"column":8},"end":{"line":14,"column":9}},"6":{"start":{"line":8,"column":20},"end":{"line":8,"column":25}},"7":{"start":{"line":9,"column":12},"end":{"line":13,"column":13}},"8":{"start":{"line":10,"column":16},"end":{"line":10,"column":33}},"9":{"start":{"line":12,"column":16},"end":{"line":12,"column":20}},"10":{"start":{"line":15,"column":8},"end":{"line":20,"column":9}},"11":{"start":{"line":16,"column":23},"end":{"line":16,"column":24}},"12":{"start":{"line":17,"column":12},"end":{"line":17,"column":30}},"13":{"start":{"line":18,"column":12},"end":{"line":18,"column":43}},"14":{"start":{"line":19,"column":12},"end":{"line":19,"column":37}},"15":{"start":{"line":23,"column":4},"end":{"line":23,"column":15}},"16":{"start":{"line":27,"column":0},"end":{"line":27,"column":31}}},"fnMap":{"0":{"name":"selectionSort","decl":{"start":{"line":1,"column":9},"end":{"line":1,"column":22}},"loc":{"start":{"line":1,"column":28},"end":{"line":25,"column":1}},"line":1}},"branchMap":{"0":{"loc":{"start":{"line":3,"column":4},"end":{"line":3,"column":36}},"type":"if","locations":[{"start":{"line":3,"column":4},"end":{"line":3,"column":36}},{"start":{},"end":{}}],"line":3},"1":{"loc":{"start":{"line":9,"column":12},"end":{"line":13,"column":13}},"type":"if","locations":[{"start":{"line":9,"column":12},"end":{"line":13,"column":13}},{"start":{"line":11,"column":18},"end":{"line":13,"column":13}}],"line":9},"2":{"loc":{"start":{"line":15,"column":8},"end":{"line":20,"column":9}},"type":"if","locations":[{"start":{"line":15,"column":8},"end":{"line":20,"column":9}},{"start":{},"end":{}}],"line":15}},"s":{"0":1,"1":0,"2":1,"3":1,"4":6,"5":6,"6":6,"7":14,"8":6,"9":8,"10":6,"11":0,"12":0,"13":0,"14":0,"15":1,"16":1},"f":{"0":1},"b":{"0":[0,1],"1":[6,8],"2":[0,6]},"_coverageSchema":"1a1c01bbd47fc00a2c39e90264f33305004495a9","hash":"928602c6aeadbf982039cf9bccde00b83bd7d916"}
}
